<?xml version="1.0" encoding="UTF-8"?>
<testsuite xmlns:xsi="http://www.w3.org/2001/XMLSchema-instance" xsi:noNamespaceSchemaLocation="https://maven.apache.org/surefire/maven-surefire-plugin/xsd/surefire-test-report-3.0.xsd" version="3.0" name="br.com.pokemon.command.mapper.PokemonDetailMapperTest" time="0.028" tests="2" errors="0" skipped="0" failures="0">
  <properties>
    <property name="sun.desktop" value="gnome"/>
    <property name="awt.toolkit" value="sun.awt.X11.XToolkit"/>
    <property name="java.specification.version" value="11"/>
    <property name="sun.cpu.isalist" value=""/>
    <property name="sun.jnu.encoding" value="UTF-8"/>
    <property name="java.class.path" value="/home/matheusav/Área de Trabalho/Pokemon/BE/PokemonBack/target/test-classes:/home/matheusav/Área de Trabalho/Pokemon/BE/PokemonBack/target/classes:/home/matheusav/.m2/repository/io/quarkus/quarkus-rest-client/2.7.5.Final/quarkus-rest-client-2.7.5.Final.jar:/home/matheusav/.m2/repository/io/quarkus/quarkus-core/2.7.5.Final/quarkus-core-2.7.5.Final.jar:/home/matheusav/.m2/repository/jakarta/annotation/jakarta.annotation-api/1.3.5/jakarta.annotation-api-1.3.5.jar:/home/matheusav/.m2/repository/jakarta/enterprise/jakarta.enterprise.cdi-api/2.0.2/jakarta.enterprise.cdi-api-2.0.2.jar:/home/matheusav/.m2/repository/jakarta/el/jakarta.el-api/3.0.3/jakarta.el-api-3.0.3.jar:/home/matheusav/.m2/repository/jakarta/inject/jakarta.inject-api/1.0/jakarta.inject-api-1.0.jar:/home/matheusav/.m2/repository/io/quarkus/quarkus-ide-launcher/2.7.5.Final/quarkus-ide-launcher-2.7.5.Final.jar:/home/matheusav/.m2/repository/io/quarkus/quarkus-development-mode-spi/2.7.5.Final/quarkus-development-mode-spi-2.7.5.Final.jar:/home/matheusav/.m2/repository/io/smallrye/config/smallrye-config/2.9.1/smallrye-config-2.9.1.jar:/home/matheusav/.m2/repository/io/smallrye/config/smallrye-config-core/2.9.1/smallrye-config-core-2.9.1.jar:/home/matheusav/.m2/repository/io/smallrye/common/smallrye-common-expression/1.10.0/smallrye-common-expression-1.10.0.jar:/home/matheusav/.m2/repository/io/smallrye/common/smallrye-common-function/1.10.0/smallrye-common-function-1.10.0.jar:/home/matheusav/.m2/repository/io/smallrye/common/smallrye-common-classloader/1.10.0/smallrye-common-classloader-1.10.0.jar:/home/matheusav/.m2/repository/io/smallrye/config/smallrye-config-common/2.9.1/smallrye-config-common-2.9.1.jar:/home/matheusav/.m2/repository/org/jboss/logging/jboss-logging/3.4.3.Final/jboss-logging-3.4.3.Final.jar:/home/matheusav/.m2/repository/org/jboss/logmanager/jboss-logmanager-embedded/1.0.9/jboss-logmanager-embedded-1.0.9.jar:/home/matheusav/.m2/repository/org/jboss/logging/jboss-logging-annotations/2.2.1.Final/jboss-logging-annotations-2.2.1.Final.jar:/home/matheusav/.m2/repository/org/jboss/threads/jboss-threads/3.4.2.Final/jboss-threads-3.4.2.Final.jar:/home/matheusav/.m2/repository/org/slf4j/slf4j-api/1.7.33/slf4j-api-1.7.33.jar:/home/matheusav/.m2/repository/org/jboss/slf4j/slf4j-jboss-logmanager/1.1.0.Final/slf4j-jboss-logmanager-1.1.0.Final.jar:/home/matheusav/.m2/repository/org/graalvm/sdk/graal-sdk/21.3.1/graal-sdk-21.3.1.jar:/home/matheusav/.m2/repository/org/wildfly/common/wildfly-common/1.5.4.Final-format-001/wildfly-common-1.5.4.Final-format-001.jar:/home/matheusav/.m2/repository/io/quarkus/quarkus-bootstrap-runner/2.7.5.Final/quarkus-bootstrap-runner-2.7.5.Final.jar:/home/matheusav/.m2/repository/io/quarkus/quarkus-fs-util/0.0.9/quarkus-fs-util-0.0.9.jar:/home/matheusav/.m2/repository/io/quarkus/quarkus-resteasy-common/2.7.5.Final/quarkus-resteasy-common-2.7.5.Final.jar:/home/matheusav/.m2/repository/org/jboss/resteasy/resteasy-core/4.7.5.Final/resteasy-core-4.7.5.Final.jar:/home/matheusav/.m2/repository/org/jboss/spec/javax/ws/rs/jboss-jaxrs-api_2.1_spec/2.0.1.Final/jboss-jaxrs-api_2.1_spec-2.0.1.Final.jar:/home/matheusav/.m2/repository/org/jboss/resteasy/resteasy-core-spi/4.7.5.Final/resteasy-core-spi-4.7.5.Final.jar:/home/matheusav/.m2/repository/org/reactivestreams/reactive-streams/1.0.3/reactive-streams-1.0.3.jar:/home/matheusav/.m2/repository/com/ibm/async/asyncutil/0.1.0/asyncutil-0.1.0.jar:/home/matheusav/.m2/repository/com/sun/activation/jakarta.activation/1.2.1/jakarta.activation-1.2.1.jar:/home/matheusav/.m2/repository/io/quarkus/quarkus-apache-httpclient/2.7.5.Final/quarkus-apache-httpclient-2.7.5.Final.jar:/home/matheusav/.m2/repository/io/quarkus/quarkus-rest-client-config/2.7.5.Final/quarkus-rest-client-config-2.7.5.Final.jar:/home/matheusav/.m2/repository/org/eclipse/microprofile/rest/client/microprofile-rest-client-api/2.0/microprofile-rest-client-api-2.0.jar:/home/matheusav/.m2/repository/org/jboss/jandex/2.4.2.Final/jandex-2.4.2.Final.jar:/home/matheusav/.m2/repository/org/jboss/resteasy/resteasy-client-microprofile/4.7.5.Final/resteasy-client-microprofile-4.7.5.Final.jar:/home/matheusav/.m2/repository/org/jboss/resteasy/resteasy-client-microprofile-base/4.7.5.Final/resteasy-client-microprofile-base-4.7.5.Final.jar:/home/matheusav/.m2/repository/org/jboss/resteasy/resteasy-client/4.7.5.Final/resteasy-client-4.7.5.Final.jar:/home/matheusav/.m2/repository/org/jboss/resteasy/resteasy-client-api/4.7.5.Final/resteasy-client-api-4.7.5.Final.jar:/home/matheusav/.m2/repository/org/jboss/resteasy/resteasy-cdi/4.7.5.Final/resteasy-cdi-4.7.5.Final.jar:/home/matheusav/.m2/repository/jakarta/interceptor/jakarta.interceptor-api/1.2.5/jakarta.interceptor-api-1.2.5.jar:/home/matheusav/.m2/repository/org/apache/httpcomponents/httpasyncclient/4.1.5/httpasyncclient-4.1.5.jar:/home/matheusav/.m2/repository/org/apache/httpcomponents/httpcore/4.4.15/httpcore-4.4.15.jar:/home/matheusav/.m2/repository/org/apache/httpcomponents/httpcore-nio/4.4.15/httpcore-nio-4.4.15.jar:/home/matheusav/.m2/repository/org/jboss/logging/commons-logging-jboss-logging/1.0.0.Final/commons-logging-jboss-logging-1.0.0.Final.jar:/home/matheusav/.m2/repository/io/quarkus/quarkus-resteasy-jsonb/2.7.5.Final/quarkus-resteasy-jsonb-2.7.5.Final.jar:/home/matheusav/.m2/repository/io/quarkus/quarkus-jsonb/2.7.5.Final/quarkus-jsonb-2.7.5.Final.jar:/home/matheusav/.m2/repository/org/eclipse/yasson/1.0.11/yasson-1.0.11.jar:/home/matheusav/.m2/repository/io/quarkus/quarkus-jsonp/2.7.5.Final/quarkus-jsonp-2.7.5.Final.jar:/home/matheusav/.m2/repository/org/jboss/resteasy/resteasy-json-binding-provider/4.7.5.Final/resteasy-json-binding-provider-4.7.5.Final.jar:/home/matheusav/.m2/repository/org/glassfish/jakarta.json/1.1.6/jakarta.json-1.1.6.jar:/home/matheusav/.m2/repository/jakarta/json/bind/jakarta.json.bind-api/1.0.2/jakarta.json.bind-api-1.0.2.jar:/home/matheusav/.m2/repository/org/jboss/resteasy/resteasy-json-p-provider/4.7.5.Final/resteasy-json-p-provider-4.7.5.Final.jar:/home/matheusav/.m2/repository/commons-io/commons-io/2.11.0/commons-io-2.11.0.jar:/home/matheusav/.m2/repository/io/quarkus/quarkus-smallrye-openapi/2.7.5.Final/quarkus-smallrye-openapi-2.7.5.Final.jar:/home/matheusav/.m2/repository/io/smallrye/smallrye-open-api-core/2.1.21/smallrye-open-api-core-2.1.21.jar:/home/matheusav/.m2/repository/org/eclipse/microprofile/openapi/microprofile-openapi-api/2.0.1/microprofile-openapi-api-2.0.1.jar:/home/matheusav/.m2/repository/org/eclipse/microprofile/config/microprofile-config-api/2.0.1/microprofile-config-api-2.0.1.jar:/home/matheusav/.m2/repository/com/fasterxml/jackson/core/jackson-core/2.13.1/jackson-core-2.13.1.jar:/home/matheusav/.m2/repository/com/fasterxml/jackson/core/jackson-databind/2.13.1/jackson-databind-2.13.1.jar:/home/matheusav/.m2/repository/com/fasterxml/jackson/dataformat/jackson-dataformat-yaml/2.13.1/jackson-dataformat-yaml-2.13.1.jar:/home/matheusav/.m2/repository/org/yaml/snakeyaml/1.30/snakeyaml-1.30.jar:/home/matheusav/.m2/repository/io/quarkus/quarkus-vertx-http/2.7.5.Final/quarkus-vertx-http-2.7.5.Final.jar:/home/matheusav/.m2/repository/io/quarkus/quarkus-security-runtime-spi/2.7.5.Final/quarkus-security-runtime-spi-2.7.5.Final.jar:/home/matheusav/.m2/repository/io/quarkus/quarkus-mutiny/2.7.5.Final/quarkus-mutiny-2.7.5.Final.jar:/home/matheusav/.m2/repository/io/smallrye/reactive/mutiny/1.4.0/mutiny-1.4.0.jar:/home/matheusav/.m2/repository/io/quarkus/quarkus-smallrye-context-propagation/2.7.5.Final/quarkus-smallrye-context-propagation-2.7.5.Final.jar:/home/matheusav/.m2/repository/io/smallrye/smallrye-context-propagation/1.2.2/smallrye-context-propagation-1.2.2.jar:/home/matheusav/.m2/repository/io/smallrye/smallrye-context-propagation-api/1.2.2/smallrye-context-propagation-api-1.2.2.jar:/home/matheusav/.m2/repository/io/smallrye/smallrye-context-propagation-storage/1.2.2/smallrye-context-propagation-storage-1.2.2.jar:/home/matheusav/.m2/repository/io/smallrye/reactive/mutiny-smallrye-context-propagation/1.4.0/mutiny-smallrye-context-propagation-1.4.0.jar:/home/matheusav/.m2/repository/io/smallrye/common/smallrye-common-vertx-context/1.10.0/smallrye-common-vertx-context-1.10.0.jar:/home/matheusav/.m2/repository/io/vertx/vertx-core/4.2.5/vertx-core-4.2.5.jar:/home/matheusav/.m2/repository/io/netty/netty-common/4.1.74.Final/netty-common-4.1.74.Final.jar:/home/matheusav/.m2/repository/io/netty/netty-buffer/4.1.74.Final/netty-buffer-4.1.74.Final.jar:/home/matheusav/.m2/repository/io/netty/netty-transport/4.1.74.Final/netty-transport-4.1.74.Final.jar:/home/matheusav/.m2/repository/io/netty/netty-handler/4.1.74.Final/netty-handler-4.1.74.Final.jar:/home/matheusav/.m2/repository/io/netty/netty-tcnative-classes/2.0.48.Final/netty-tcnative-classes-2.0.48.Final.jar:/home/matheusav/.m2/repository/io/netty/netty-handler-proxy/4.1.74.Final/netty-handler-proxy-4.1.74.Final.jar:/home/matheusav/.m2/repository/io/netty/netty-codec-socks/4.1.74.Final/netty-codec-socks-4.1.74.Final.jar:/home/matheusav/.m2/repository/io/netty/netty-codec-http/4.1.74.Final/netty-codec-http-4.1.74.Final.jar:/home/matheusav/.m2/repository/io/netty/netty-codec-http2/4.1.74.Final/netty-codec-http2-4.1.74.Final.jar:/home/matheusav/.m2/repository/io/netty/netty-resolver/4.1.74.Final/netty-resolver-4.1.74.Final.jar:/home/matheusav/.m2/repository/io/netty/netty-resolver-dns/4.1.74.Final/netty-resolver-dns-4.1.74.Final.jar:/home/matheusav/.m2/repository/io/netty/netty-codec-dns/4.1.74.Final/netty-codec-dns-4.1.74.Final.jar:/home/matheusav/.m2/repository/io/smallrye/common/smallrye-common-constraint/1.10.0/smallrye-common-constraint-1.10.0.jar:/home/matheusav/.m2/repository/io/quarkus/quarkus-vertx-http-dev-console-runtime-spi/2.7.5.Final/quarkus-vertx-http-dev-console-runtime-spi-2.7.5.Final.jar:/home/matheusav/.m2/repository/io/quarkus/security/quarkus-security/1.1.4.Final/quarkus-security-1.1.4.Final.jar:/home/matheusav/.m2/repository/io/quarkus/quarkus-vertx/2.7.5.Final/quarkus-vertx-2.7.5.Final.jar:/home/matheusav/.m2/repository/io/quarkus/quarkus-netty/2.7.5.Final/quarkus-netty-2.7.5.Final.jar:/home/matheusav/.m2/repository/io/netty/netty-codec/4.1.74.Final/netty-codec-4.1.74.Final.jar:/home/matheusav/.m2/repository/io/netty/netty-codec-haproxy/4.1.74.Final/netty-codec-haproxy-4.1.74.Final.jar:/home/matheusav/.m2/repository/io/smallrye/common/smallrye-common-annotation/1.10.0/smallrye-common-annotation-1.10.0.jar:/home/matheusav/.m2/repository/io/smallrye/reactive/smallrye-mutiny-vertx-core/2.19.0/smallrye-mutiny-vertx-core-2.19.0.jar:/home/matheusav/.m2/repository/io/smallrye/reactive/smallrye-mutiny-vertx-runtime/2.19.0/smallrye-mutiny-vertx-runtime-2.19.0.jar:/home/matheusav/.m2/repository/io/smallrye/reactive/vertx-mutiny-generator/2.19.0/vertx-mutiny-generator-2.19.0.jar:/home/matheusav/.m2/repository/io/vertx/vertx-codegen/4.2.5/vertx-codegen-4.2.5.jar:/home/matheusav/.m2/repository/io/smallrye/smallrye-fault-tolerance-vertx/5.2.1/smallrye-fault-tolerance-vertx-5.2.1.jar:/home/matheusav/.m2/repository/io/smallrye/reactive/smallrye-mutiny-vertx-web/2.19.0/smallrye-mutiny-vertx-web-2.19.0.jar:/home/matheusav/.m2/repository/io/smallrye/reactive/smallrye-mutiny-vertx-web-common/2.19.0/smallrye-mutiny-vertx-web-common-2.19.0.jar:/home/matheusav/.m2/repository/io/smallrye/reactive/smallrye-mutiny-vertx-auth-common/2.19.0/smallrye-mutiny-vertx-auth-common-2.19.0.jar:/home/matheusav/.m2/repository/io/smallrye/reactive/smallrye-mutiny-vertx-bridge-common/2.19.0/smallrye-mutiny-vertx-bridge-common-2.19.0.jar:/home/matheusav/.m2/repository/io/vertx/vertx-web/4.2.5/vertx-web-4.2.5.jar:/home/matheusav/.m2/repository/io/vertx/vertx-web-common/4.2.5/vertx-web-common-4.2.5.jar:/home/matheusav/.m2/repository/io/vertx/vertx-auth-common/4.2.5/vertx-auth-common-4.2.5.jar:/home/matheusav/.m2/repository/io/vertx/vertx-bridge-common/4.2.5/vertx-bridge-common-4.2.5.jar:/home/matheusav/.m2/repository/io/quarkus/quarkus-swagger-ui/2.7.5.Final/quarkus-swagger-ui-2.7.5.Final.jar:/home/matheusav/.m2/repository/io/quarkus/quarkus-resteasy/2.7.5.Final/quarkus-resteasy-2.7.5.Final.jar:/home/matheusav/.m2/repository/io/quarkus/quarkus-resteasy-server-common/2.7.5.Final/quarkus-resteasy-server-common-2.7.5.Final.jar:/home/matheusav/.m2/repository/jakarta/validation/jakarta.validation-api/2.0.2/jakarta.validation-api-2.0.2.jar:/home/matheusav/.m2/repository/io/quarkus/quarkus-arc/2.7.5.Final/quarkus-arc-2.7.5.Final.jar:/home/matheusav/.m2/repository/io/quarkus/arc/arc/2.7.5.Final/arc-2.7.5.Final.jar:/home/matheusav/.m2/repository/jakarta/transaction/jakarta.transaction-api/1.3.3/jakarta.transaction-api-1.3.3.jar:/home/matheusav/.m2/repository/org/eclipse/microprofile/context-propagation/microprofile-context-propagation-api/1.2/microprofile-context-propagation-api-1.2.jar:/home/matheusav/.m2/repository/io/quarkus/quarkus-rest-client-jackson/2.7.5.Final/quarkus-rest-client-jackson-2.7.5.Final.jar:/home/matheusav/.m2/repository/io/quarkus/quarkus-jackson/2.7.5.Final/quarkus-jackson-2.7.5.Final.jar:/home/matheusav/.m2/repository/com/fasterxml/jackson/datatype/jackson-datatype-jsr310/2.13.1/jackson-datatype-jsr310-2.13.1.jar:/home/matheusav/.m2/repository/com/fasterxml/jackson/datatype/jackson-datatype-jdk8/2.13.1/jackson-datatype-jdk8-2.13.1.jar:/home/matheusav/.m2/repository/com/fasterxml/jackson/module/jackson-module-parameter-names/2.13.1/jackson-module-parameter-names-2.13.1.jar:/home/matheusav/.m2/repository/org/jboss/resteasy/resteasy-jackson2-provider/4.7.5.Final/resteasy-jackson2-provider-4.7.5.Final.jar:/home/matheusav/.m2/repository/com/fasterxml/jackson/core/jackson-annotations/2.13.1/jackson-annotations-2.13.1.jar:/home/matheusav/.m2/repository/com/fasterxml/jackson/jaxrs/jackson-jaxrs-json-provider/2.13.1/jackson-jaxrs-json-provider-2.13.1.jar:/home/matheusav/.m2/repository/com/fasterxml/jackson/jaxrs/jackson-jaxrs-base/2.13.1/jackson-jaxrs-base-2.13.1.jar:/home/matheusav/.m2/repository/com/fasterxml/jackson/module/jackson-module-jaxb-annotations/2.13.1/jackson-module-jaxb-annotations-2.13.1.jar:/home/matheusav/.m2/repository/com/github/java-json-tools/json-patch/1.13/json-patch-1.13.jar:/home/matheusav/.m2/repository/com/github/java-json-tools/msg-simple/1.2/msg-simple-1.2.jar:/home/matheusav/.m2/repository/com/github/java-json-tools/btf/1.3/btf-1.3.jar:/home/matheusav/.m2/repository/com/github/java-json-tools/jackson-coreutils/2.0/jackson-coreutils-2.0.jar:/home/matheusav/.m2/repository/org/jboss/spec/javax/xml/bind/jboss-jaxb-api_2.3_spec/2.0.0.Final/jboss-jaxb-api_2.3_spec-2.0.0.Final.jar:/home/matheusav/.m2/repository/io/quarkus/quarkus-junit5/2.7.5.Final/quarkus-junit5-2.7.5.Final.jar:/home/matheusav/.m2/repository/io/quarkus/quarkus-bootstrap-core/2.7.5.Final/quarkus-bootstrap-core-2.7.5.Final.jar:/home/matheusav/.m2/repository/io/quarkus/quarkus-bootstrap-app-model/2.7.5.Final/quarkus-bootstrap-app-model-2.7.5.Final.jar:/home/matheusav/.m2/repository/io/quarkus/quarkus-bootstrap-maven-resolver/2.7.5.Final/quarkus-bootstrap-maven-resolver-2.7.5.Final.jar:/home/matheusav/.m2/repository/org/apache/maven/maven-embedder/3.8.4/maven-embedder-3.8.4.jar:/home/matheusav/.m2/repository/org/apache/maven/maven-settings/3.8.4/maven-settings-3.8.4.jar:/home/matheusav/.m2/repository/org/apache/maven/maven-core/3.8.4/maven-core-3.8.4.jar:/home/matheusav/.m2/repository/org/apache/maven/maven-artifact/3.8.4/maven-artifact-3.8.4.jar:/home/matheusav/.m2/repository/org/codehaus/plexus/plexus-component-annotations/2.1.0/plexus-component-annotations-2.1.0.jar:/home/matheusav/.m2/repository/org/apache/maven/maven-plugin-api/3.8.4/maven-plugin-api-3.8.4.jar:/home/matheusav/.m2/repository/org/apache/maven/maven-model/3.8.4/maven-model-3.8.4.jar:/home/matheusav/.m2/repository/org/apache/maven/maven-model-builder/3.8.4/maven-model-builder-3.8.4.jar:/home/matheusav/.m2/repository/org/apache/maven/maven-builder-support/3.8.4/maven-builder-support-3.8.4.jar:/home/matheusav/.m2/repository/org/apache/maven/resolver/maven-resolver-api/1.6.3/maven-resolver-api-1.6.3.jar:/home/matheusav/.m2/repository/org/apache/maven/resolver/maven-resolver-util/1.6.3/maven-resolver-util-1.6.3.jar:/home/matheusav/.m2/repository/org/apache/maven/shared/maven-shared-utils/3.3.4/maven-shared-utils-3.3.4.jar:/home/matheusav/.m2/repository/com/google/inject/guice/4.2.2/guice-4.2.2-no_aop.jar:/home/matheusav/.m2/repository/com/google/guava/guava/30.1.1-jre/guava-30.1.1-jre.jar:/home/matheusav/.m2/repository/com/google/guava/failureaccess/1.0.1/failureaccess-1.0.1.jar:/home/matheusav/.m2/repository/org/codehaus/plexus/plexus-classworlds/2.6.0/plexus-classworlds-2.6.0.jar:/home/matheusav/.m2/repository/org/codehaus/plexus/plexus-sec-dispatcher/2.0/plexus-sec-dispatcher-2.0.jar:/home/matheusav/.m2/repository/org/codehaus/plexus/plexus-cipher/2.0/plexus-cipher-2.0.jar:/home/matheusav/.m2/repository/commons-cli/commons-cli/1.4/commons-cli-1.4.jar:/home/matheusav/.m2/repository/org/eclipse/sisu/org.eclipse.sisu.plexus/0.3.5/org.eclipse.sisu.plexus-0.3.5.jar:/home/matheusav/.m2/repository/org/apache/maven/maven-settings-builder/3.8.4/maven-settings-builder-3.8.4.jar:/home/matheusav/.m2/repository/org/codehaus/plexus/plexus-interpolation/1.26/plexus-interpolation-1.26.jar:/home/matheusav/.m2/repository/org/apache/maven/maven-resolver-provider/3.8.4/maven-resolver-provider-3.8.4.jar:/home/matheusav/.m2/repository/org/apache/maven/maven-repository-metadata/3.8.4/maven-repository-metadata-3.8.4.jar:/home/matheusav/.m2/repository/org/apache/maven/resolver/maven-resolver-spi/1.6.3/maven-resolver-spi-1.6.3.jar:/home/matheusav/.m2/repository/org/apache/maven/resolver/maven-resolver-impl/1.6.3/maven-resolver-impl-1.6.3.jar:/home/matheusav/.m2/repository/org/codehaus/plexus/plexus-utils/3.3.0/plexus-utils-3.3.0.jar:/home/matheusav/.m2/repository/org/apache/maven/resolver/maven-resolver-connector-basic/1.6.3/maven-resolver-connector-basic-1.6.3.jar:/home/matheusav/.m2/repository/org/apache/maven/resolver/maven-resolver-transport-wagon/1.6.3/maven-resolver-transport-wagon-1.6.3.jar:/home/matheusav/.m2/repository/org/apache/maven/wagon/wagon-http/3.4.3/wagon-http-3.4.3.jar:/home/matheusav/.m2/repository/org/apache/maven/wagon/wagon-http-shared/3.4.3/wagon-http-shared-3.4.3.jar:/home/matheusav/.m2/repository/org/jsoup/jsoup/1.14.2/jsoup-1.14.2.jar:/home/matheusav/.m2/repository/org/apache/maven/wagon/wagon-provider-api/3.4.3/wagon-provider-api-3.4.3.jar:/home/matheusav/.m2/repository/org/apache/maven/wagon/wagon-file/3.4.3/wagon-file-3.4.3.jar:/home/matheusav/.m2/repository/io/quarkus/quarkus-bootstrap-gradle-resolver/2.7.5.Final/quarkus-bootstrap-gradle-resolver-2.7.5.Final.jar:/home/matheusav/.m2/repository/io/smallrye/common/smallrye-common-io/1.10.0/smallrye-common-io-1.10.0.jar:/home/matheusav/.m2/repository/org/eclipse/sisu/org.eclipse.sisu.inject/0.3.5/org.eclipse.sisu.inject-0.3.5.jar:/home/matheusav/.m2/repository/io/quarkus/quarkus-test-common/2.7.5.Final/quarkus-test-common-2.7.5.Final.jar:/home/matheusav/.m2/repository/io/quarkus/quarkus-core-deployment/2.7.5.Final/quarkus-core-deployment-2.7.5.Final.jar:/home/matheusav/.m2/repository/org/aesh/readline/2.2/readline-2.2.jar:/home/matheusav/.m2/repository/org/fusesource/jansi/jansi/1.18/jansi-1.18.jar:/home/matheusav/.m2/repository/org/aesh/aesh/2.6/aesh-2.6.jar:/home/matheusav/.m2/repository/io/quarkus/gizmo/gizmo/1.0.10.Final/gizmo-1.0.10.Final.jar:/home/matheusav/.m2/repository/org/ow2/asm/asm-util/9.2/asm-util-9.2.jar:/home/matheusav/.m2/repository/org/ow2/asm/asm/9.2/asm-9.2.jar:/home/matheusav/.m2/repository/org/ow2/asm/asm-commons/9.2/asm-commons-9.2.jar:/home/matheusav/.m2/repository/org/ow2/asm/asm-tree/9.2/asm-tree-9.2.jar:/home/matheusav/.m2/repository/org/ow2/asm/asm-analysis/9.2/asm-analysis-9.2.jar:/home/matheusav/.m2/repository/io/quarkus/quarkus-class-change-agent/2.7.5.Final/quarkus-class-change-agent-2.7.5.Final.jar:/home/matheusav/.m2/repository/io/quarkus/quarkus-devtools-utilities/2.7.5.Final/quarkus-devtools-utilities-2.7.5.Final.jar:/home/matheusav/.m2/repository/io/quarkus/quarkus-builder/2.7.5.Final/quarkus-builder-2.7.5.Final.jar:/home/matheusav/.m2/repository/org/junit/platform/junit-platform-launcher/1.8.2/junit-platform-launcher-1.8.2.jar:/home/matheusav/.m2/repository/io/quarkus/quarkus-jsonp-deployment/2.7.5.Final/quarkus-jsonp-deployment-2.7.5.Final.jar:/home/matheusav/.m2/repository/io/quarkus/quarkus-junit5-properties/2.7.5.Final/quarkus-junit5-properties-2.7.5.Final.jar:/home/matheusav/.m2/repository/org/junit/jupiter/junit-jupiter/5.8.2/junit-jupiter-5.8.2.jar:/home/matheusav/.m2/repository/org/junit/jupiter/junit-jupiter-params/5.8.2/junit-jupiter-params-5.8.2.jar:/home/matheusav/.m2/repository/com/thoughtworks/xstream/xstream/1.4.19/xstream-1.4.19.jar:/home/matheusav/.m2/repository/io/github/x-stream/mxparser/1.2.2/mxparser-1.2.2.jar:/home/matheusav/.m2/repository/xmlpull/xmlpull/1.1.3.1/xmlpull-1.1.3.1.jar:/home/matheusav/.m2/repository/org/junit/jupiter/junit-jupiter-engine/5.8.2/junit-jupiter-engine-5.8.2.jar:/home/matheusav/.m2/repository/org/junit/platform/junit-platform-engine/1.8.2/junit-platform-engine-1.8.2.jar:/home/matheusav/.m2/repository/org/opentest4j/opentest4j/1.2.0/opentest4j-1.2.0.jar:/home/matheusav/.m2/repository/org/junit/platform/junit-platform-commons/1.8.2/junit-platform-commons-1.8.2.jar:/home/matheusav/.m2/repository/org/junit/jupiter/junit-jupiter-api/5.8.2/junit-jupiter-api-5.8.2.jar:/home/matheusav/.m2/repository/org/apiguardian/apiguardian-api/1.1.2/apiguardian-api-1.1.2.jar:/home/matheusav/.m2/repository/io/rest-assured/rest-assured/4.4.0/rest-assured-4.4.0.jar:/home/matheusav/.m2/repository/org/codehaus/groovy/groovy/3.0.8/groovy-3.0.8.jar:/home/matheusav/.m2/repository/org/codehaus/groovy/groovy-xml/3.0.8/groovy-xml-3.0.8.jar:/home/matheusav/.m2/repository/org/apache/httpcomponents/httpclient/4.5.13/httpclient-4.5.13.jar:/home/matheusav/.m2/repository/commons-codec/commons-codec/1.15/commons-codec-1.15.jar:/home/matheusav/.m2/repository/org/apache/httpcomponents/httpmime/4.5.13/httpmime-4.5.13.jar:/home/matheusav/.m2/repository/org/hamcrest/hamcrest/2.1/hamcrest-2.1.jar:/home/matheusav/.m2/repository/org/ccil/cowan/tagsoup/tagsoup/1.2.1/tagsoup-1.2.1.jar:/home/matheusav/.m2/repository/io/rest-assured/json-path/4.4.0/json-path-4.4.0.jar:/home/matheusav/.m2/repository/org/codehaus/groovy/groovy-json/3.0.8/groovy-json-3.0.8.jar:/home/matheusav/.m2/repository/io/rest-assured/rest-assured-common/4.4.0/rest-assured-common-4.4.0.jar:/home/matheusav/.m2/repository/io/rest-assured/xml-path/4.4.0/xml-path-4.4.0.jar:/home/matheusav/.m2/repository/org/apache/commons/commons-lang3/3.12.0/commons-lang3-3.12.0.jar:/home/matheusav/.m2/repository/jakarta/xml/bind/jakarta.xml.bind-api/2.3.3/jakarta.xml.bind-api-2.3.3.jar:/home/matheusav/.m2/repository/com/sun/xml/bind/jaxb-impl/2.3.3/jaxb-impl-2.3.3.jar:/home/matheusav/.m2/repository/br/com/six2six/fixture-factory/3.1.0/fixture-factory-3.1.0.jar:/home/matheusav/.m2/repository/commons-beanutils/commons-beanutils/1.8.3/commons-beanutils-1.8.3.jar:/home/matheusav/.m2/repository/commons-logging/commons-logging/1.1.1/commons-logging-1.1.1.jar:/home/matheusav/.m2/repository/commons-lang/commons-lang/2.6/commons-lang-2.6.jar:/home/matheusav/.m2/repository/br/com/six2six/bfgex/1.1.1/bfgex-1.1.1.jar:/home/matheusav/.m2/repository/log4j/log4j/1.2.14/log4j-1.2.14.jar:/home/matheusav/.m2/repository/org/apache/commons/commons-math/2.2/commons-math-2.2.jar:/home/matheusav/.m2/repository/com/rubiconproject/oss/jchronic/0.2.6/jchronic-0.2.6.jar:/home/matheusav/.m2/repository/com/thoughtworks/paranamer/paranamer/2.5/paranamer-2.5.jar:/home/matheusav/.m2/repository/net/vidageek/mirror/1.6.1/mirror-1.6.1.jar:/home/matheusav/.m2/repository/org/mockito/mockito-junit-jupiter/3.1.0/mockito-junit-jupiter-3.1.0.jar:/home/matheusav/.m2/repository/org/mockito/mockito-core/4.3.1/mockito-core-4.3.1.jar:/home/matheusav/.m2/repository/net/bytebuddy/byte-buddy/1.12.7/byte-buddy-1.12.7.jar:/home/matheusav/.m2/repository/net/bytebuddy/byte-buddy-agent/1.12.7/byte-buddy-agent-1.12.7.jar:/home/matheusav/.m2/repository/org/objenesis/objenesis/3.2/objenesis-3.2.jar:"/>
    <property name="java.vm.vendor" value="Ubuntu"/>
    <property name="sun.arch.data.model" value="64"/>
    <property name="java.vendor.url" value="https://ubuntu.com/"/>
    <property name="user.timezone" value="America/Sao_Paulo"/>
    <property name="java.vm.specification.version" value="11"/>
    <property name="os.name" value="Linux"/>
    <property name="sun.java.launcher" value="SUN_STANDARD"/>
    <property name="user.country" value="BR"/>
    <property name="sun.boot.library.path" value="/usr/lib/jvm/java-11-openjdk-amd64/lib"/>
    <property name="sun.java.command" value="/home/matheusav/Área de Trabalho/Pokemon/BE/PokemonBack/target/surefire/surefirebooter4202505081506520320.jar /home/matheusav/Área de Trabalho/Pokemon/BE/PokemonBack/target/surefire 2022-04-18T07-57-30_624-jvmRun1 surefire3444063308280229724tmp surefire_05102918193059516959tmp"/>
    <property name="jdk.debug" value="release"/>
    <property name="maven.home" value="/usr/share/maven"/>
    <property name="surefire.test.class.path" value="/home/matheusav/Área de Trabalho/Pokemon/BE/PokemonBack/target/test-classes:/home/matheusav/Área de Trabalho/Pokemon/BE/PokemonBack/target/classes:/home/matheusav/.m2/repository/io/quarkus/quarkus-rest-client/2.7.5.Final/quarkus-rest-client-2.7.5.Final.jar:/home/matheusav/.m2/repository/io/quarkus/quarkus-core/2.7.5.Final/quarkus-core-2.7.5.Final.jar:/home/matheusav/.m2/repository/jakarta/annotation/jakarta.annotation-api/1.3.5/jakarta.annotation-api-1.3.5.jar:/home/matheusav/.m2/repository/jakarta/enterprise/jakarta.enterprise.cdi-api/2.0.2/jakarta.enterprise.cdi-api-2.0.2.jar:/home/matheusav/.m2/repository/jakarta/el/jakarta.el-api/3.0.3/jakarta.el-api-3.0.3.jar:/home/matheusav/.m2/repository/jakarta/inject/jakarta.inject-api/1.0/jakarta.inject-api-1.0.jar:/home/matheusav/.m2/repository/io/quarkus/quarkus-ide-launcher/2.7.5.Final/quarkus-ide-launcher-2.7.5.Final.jar:/home/matheusav/.m2/repository/io/quarkus/quarkus-development-mode-spi/2.7.5.Final/quarkus-development-mode-spi-2.7.5.Final.jar:/home/matheusav/.m2/repository/io/smallrye/config/smallrye-config/2.9.1/smallrye-config-2.9.1.jar:/home/matheusav/.m2/repository/io/smallrye/config/smallrye-config-core/2.9.1/smallrye-config-core-2.9.1.jar:/home/matheusav/.m2/repository/io/smallrye/common/smallrye-common-expression/1.10.0/smallrye-common-expression-1.10.0.jar:/home/matheusav/.m2/repository/io/smallrye/common/smallrye-common-function/1.10.0/smallrye-common-function-1.10.0.jar:/home/matheusav/.m2/repository/io/smallrye/common/smallrye-common-classloader/1.10.0/smallrye-common-classloader-1.10.0.jar:/home/matheusav/.m2/repository/io/smallrye/config/smallrye-config-common/2.9.1/smallrye-config-common-2.9.1.jar:/home/matheusav/.m2/repository/org/jboss/logging/jboss-logging/3.4.3.Final/jboss-logging-3.4.3.Final.jar:/home/matheusav/.m2/repository/org/jboss/logmanager/jboss-logmanager-embedded/1.0.9/jboss-logmanager-embedded-1.0.9.jar:/home/matheusav/.m2/repository/org/jboss/logging/jboss-logging-annotations/2.2.1.Final/jboss-logging-annotations-2.2.1.Final.jar:/home/matheusav/.m2/repository/org/jboss/threads/jboss-threads/3.4.2.Final/jboss-threads-3.4.2.Final.jar:/home/matheusav/.m2/repository/org/slf4j/slf4j-api/1.7.33/slf4j-api-1.7.33.jar:/home/matheusav/.m2/repository/org/jboss/slf4j/slf4j-jboss-logmanager/1.1.0.Final/slf4j-jboss-logmanager-1.1.0.Final.jar:/home/matheusav/.m2/repository/org/graalvm/sdk/graal-sdk/21.3.1/graal-sdk-21.3.1.jar:/home/matheusav/.m2/repository/org/wildfly/common/wildfly-common/1.5.4.Final-format-001/wildfly-common-1.5.4.Final-format-001.jar:/home/matheusav/.m2/repository/io/quarkus/quarkus-bootstrap-runner/2.7.5.Final/quarkus-bootstrap-runner-2.7.5.Final.jar:/home/matheusav/.m2/repository/io/quarkus/quarkus-fs-util/0.0.9/quarkus-fs-util-0.0.9.jar:/home/matheusav/.m2/repository/io/quarkus/quarkus-resteasy-common/2.7.5.Final/quarkus-resteasy-common-2.7.5.Final.jar:/home/matheusav/.m2/repository/org/jboss/resteasy/resteasy-core/4.7.5.Final/resteasy-core-4.7.5.Final.jar:/home/matheusav/.m2/repository/org/jboss/spec/javax/ws/rs/jboss-jaxrs-api_2.1_spec/2.0.1.Final/jboss-jaxrs-api_2.1_spec-2.0.1.Final.jar:/home/matheusav/.m2/repository/org/jboss/resteasy/resteasy-core-spi/4.7.5.Final/resteasy-core-spi-4.7.5.Final.jar:/home/matheusav/.m2/repository/org/reactivestreams/reactive-streams/1.0.3/reactive-streams-1.0.3.jar:/home/matheusav/.m2/repository/com/ibm/async/asyncutil/0.1.0/asyncutil-0.1.0.jar:/home/matheusav/.m2/repository/com/sun/activation/jakarta.activation/1.2.1/jakarta.activation-1.2.1.jar:/home/matheusav/.m2/repository/io/quarkus/quarkus-apache-httpclient/2.7.5.Final/quarkus-apache-httpclient-2.7.5.Final.jar:/home/matheusav/.m2/repository/io/quarkus/quarkus-rest-client-config/2.7.5.Final/quarkus-rest-client-config-2.7.5.Final.jar:/home/matheusav/.m2/repository/org/eclipse/microprofile/rest/client/microprofile-rest-client-api/2.0/microprofile-rest-client-api-2.0.jar:/home/matheusav/.m2/repository/org/jboss/jandex/2.4.2.Final/jandex-2.4.2.Final.jar:/home/matheusav/.m2/repository/org/jboss/resteasy/resteasy-client-microprofile/4.7.5.Final/resteasy-client-microprofile-4.7.5.Final.jar:/home/matheusav/.m2/repository/org/jboss/resteasy/resteasy-client-microprofile-base/4.7.5.Final/resteasy-client-microprofile-base-4.7.5.Final.jar:/home/matheusav/.m2/repository/org/jboss/resteasy/resteasy-client/4.7.5.Final/resteasy-client-4.7.5.Final.jar:/home/matheusav/.m2/repository/org/jboss/resteasy/resteasy-client-api/4.7.5.Final/resteasy-client-api-4.7.5.Final.jar:/home/matheusav/.m2/repository/org/jboss/resteasy/resteasy-cdi/4.7.5.Final/resteasy-cdi-4.7.5.Final.jar:/home/matheusav/.m2/repository/jakarta/interceptor/jakarta.interceptor-api/1.2.5/jakarta.interceptor-api-1.2.5.jar:/home/matheusav/.m2/repository/org/apache/httpcomponents/httpasyncclient/4.1.5/httpasyncclient-4.1.5.jar:/home/matheusav/.m2/repository/org/apache/httpcomponents/httpcore/4.4.15/httpcore-4.4.15.jar:/home/matheusav/.m2/repository/org/apache/httpcomponents/httpcore-nio/4.4.15/httpcore-nio-4.4.15.jar:/home/matheusav/.m2/repository/org/jboss/logging/commons-logging-jboss-logging/1.0.0.Final/commons-logging-jboss-logging-1.0.0.Final.jar:/home/matheusav/.m2/repository/io/quarkus/quarkus-resteasy-jsonb/2.7.5.Final/quarkus-resteasy-jsonb-2.7.5.Final.jar:/home/matheusav/.m2/repository/io/quarkus/quarkus-jsonb/2.7.5.Final/quarkus-jsonb-2.7.5.Final.jar:/home/matheusav/.m2/repository/org/eclipse/yasson/1.0.11/yasson-1.0.11.jar:/home/matheusav/.m2/repository/io/quarkus/quarkus-jsonp/2.7.5.Final/quarkus-jsonp-2.7.5.Final.jar:/home/matheusav/.m2/repository/org/jboss/resteasy/resteasy-json-binding-provider/4.7.5.Final/resteasy-json-binding-provider-4.7.5.Final.jar:/home/matheusav/.m2/repository/org/glassfish/jakarta.json/1.1.6/jakarta.json-1.1.6.jar:/home/matheusav/.m2/repository/jakarta/json/bind/jakarta.json.bind-api/1.0.2/jakarta.json.bind-api-1.0.2.jar:/home/matheusav/.m2/repository/org/jboss/resteasy/resteasy-json-p-provider/4.7.5.Final/resteasy-json-p-provider-4.7.5.Final.jar:/home/matheusav/.m2/repository/commons-io/commons-io/2.11.0/commons-io-2.11.0.jar:/home/matheusav/.m2/repository/io/quarkus/quarkus-smallrye-openapi/2.7.5.Final/quarkus-smallrye-openapi-2.7.5.Final.jar:/home/matheusav/.m2/repository/io/smallrye/smallrye-open-api-core/2.1.21/smallrye-open-api-core-2.1.21.jar:/home/matheusav/.m2/repository/org/eclipse/microprofile/openapi/microprofile-openapi-api/2.0.1/microprofile-openapi-api-2.0.1.jar:/home/matheusav/.m2/repository/org/eclipse/microprofile/config/microprofile-config-api/2.0.1/microprofile-config-api-2.0.1.jar:/home/matheusav/.m2/repository/com/fasterxml/jackson/core/jackson-core/2.13.1/jackson-core-2.13.1.jar:/home/matheusav/.m2/repository/com/fasterxml/jackson/core/jackson-databind/2.13.1/jackson-databind-2.13.1.jar:/home/matheusav/.m2/repository/com/fasterxml/jackson/dataformat/jackson-dataformat-yaml/2.13.1/jackson-dataformat-yaml-2.13.1.jar:/home/matheusav/.m2/repository/org/yaml/snakeyaml/1.30/snakeyaml-1.30.jar:/home/matheusav/.m2/repository/io/quarkus/quarkus-vertx-http/2.7.5.Final/quarkus-vertx-http-2.7.5.Final.jar:/home/matheusav/.m2/repository/io/quarkus/quarkus-security-runtime-spi/2.7.5.Final/quarkus-security-runtime-spi-2.7.5.Final.jar:/home/matheusav/.m2/repository/io/quarkus/quarkus-mutiny/2.7.5.Final/quarkus-mutiny-2.7.5.Final.jar:/home/matheusav/.m2/repository/io/smallrye/reactive/mutiny/1.4.0/mutiny-1.4.0.jar:/home/matheusav/.m2/repository/io/quarkus/quarkus-smallrye-context-propagation/2.7.5.Final/quarkus-smallrye-context-propagation-2.7.5.Final.jar:/home/matheusav/.m2/repository/io/smallrye/smallrye-context-propagation/1.2.2/smallrye-context-propagation-1.2.2.jar:/home/matheusav/.m2/repository/io/smallrye/smallrye-context-propagation-api/1.2.2/smallrye-context-propagation-api-1.2.2.jar:/home/matheusav/.m2/repository/io/smallrye/smallrye-context-propagation-storage/1.2.2/smallrye-context-propagation-storage-1.2.2.jar:/home/matheusav/.m2/repository/io/smallrye/reactive/mutiny-smallrye-context-propagation/1.4.0/mutiny-smallrye-context-propagation-1.4.0.jar:/home/matheusav/.m2/repository/io/smallrye/common/smallrye-common-vertx-context/1.10.0/smallrye-common-vertx-context-1.10.0.jar:/home/matheusav/.m2/repository/io/vertx/vertx-core/4.2.5/vertx-core-4.2.5.jar:/home/matheusav/.m2/repository/io/netty/netty-common/4.1.74.Final/netty-common-4.1.74.Final.jar:/home/matheusav/.m2/repository/io/netty/netty-buffer/4.1.74.Final/netty-buffer-4.1.74.Final.jar:/home/matheusav/.m2/repository/io/netty/netty-transport/4.1.74.Final/netty-transport-4.1.74.Final.jar:/home/matheusav/.m2/repository/io/netty/netty-handler/4.1.74.Final/netty-handler-4.1.74.Final.jar:/home/matheusav/.m2/repository/io/netty/netty-tcnative-classes/2.0.48.Final/netty-tcnative-classes-2.0.48.Final.jar:/home/matheusav/.m2/repository/io/netty/netty-handler-proxy/4.1.74.Final/netty-handler-proxy-4.1.74.Final.jar:/home/matheusav/.m2/repository/io/netty/netty-codec-socks/4.1.74.Final/netty-codec-socks-4.1.74.Final.jar:/home/matheusav/.m2/repository/io/netty/netty-codec-http/4.1.74.Final/netty-codec-http-4.1.74.Final.jar:/home/matheusav/.m2/repository/io/netty/netty-codec-http2/4.1.74.Final/netty-codec-http2-4.1.74.Final.jar:/home/matheusav/.m2/repository/io/netty/netty-resolver/4.1.74.Final/netty-resolver-4.1.74.Final.jar:/home/matheusav/.m2/repository/io/netty/netty-resolver-dns/4.1.74.Final/netty-resolver-dns-4.1.74.Final.jar:/home/matheusav/.m2/repository/io/netty/netty-codec-dns/4.1.74.Final/netty-codec-dns-4.1.74.Final.jar:/home/matheusav/.m2/repository/io/smallrye/common/smallrye-common-constraint/1.10.0/smallrye-common-constraint-1.10.0.jar:/home/matheusav/.m2/repository/io/quarkus/quarkus-vertx-http-dev-console-runtime-spi/2.7.5.Final/quarkus-vertx-http-dev-console-runtime-spi-2.7.5.Final.jar:/home/matheusav/.m2/repository/io/quarkus/security/quarkus-security/1.1.4.Final/quarkus-security-1.1.4.Final.jar:/home/matheusav/.m2/repository/io/quarkus/quarkus-vertx/2.7.5.Final/quarkus-vertx-2.7.5.Final.jar:/home/matheusav/.m2/repository/io/quarkus/quarkus-netty/2.7.5.Final/quarkus-netty-2.7.5.Final.jar:/home/matheusav/.m2/repository/io/netty/netty-codec/4.1.74.Final/netty-codec-4.1.74.Final.jar:/home/matheusav/.m2/repository/io/netty/netty-codec-haproxy/4.1.74.Final/netty-codec-haproxy-4.1.74.Final.jar:/home/matheusav/.m2/repository/io/smallrye/common/smallrye-common-annotation/1.10.0/smallrye-common-annotation-1.10.0.jar:/home/matheusav/.m2/repository/io/smallrye/reactive/smallrye-mutiny-vertx-core/2.19.0/smallrye-mutiny-vertx-core-2.19.0.jar:/home/matheusav/.m2/repository/io/smallrye/reactive/smallrye-mutiny-vertx-runtime/2.19.0/smallrye-mutiny-vertx-runtime-2.19.0.jar:/home/matheusav/.m2/repository/io/smallrye/reactive/vertx-mutiny-generator/2.19.0/vertx-mutiny-generator-2.19.0.jar:/home/matheusav/.m2/repository/io/vertx/vertx-codegen/4.2.5/vertx-codegen-4.2.5.jar:/home/matheusav/.m2/repository/io/smallrye/smallrye-fault-tolerance-vertx/5.2.1/smallrye-fault-tolerance-vertx-5.2.1.jar:/home/matheusav/.m2/repository/io/smallrye/reactive/smallrye-mutiny-vertx-web/2.19.0/smallrye-mutiny-vertx-web-2.19.0.jar:/home/matheusav/.m2/repository/io/smallrye/reactive/smallrye-mutiny-vertx-web-common/2.19.0/smallrye-mutiny-vertx-web-common-2.19.0.jar:/home/matheusav/.m2/repository/io/smallrye/reactive/smallrye-mutiny-vertx-auth-common/2.19.0/smallrye-mutiny-vertx-auth-common-2.19.0.jar:/home/matheusav/.m2/repository/io/smallrye/reactive/smallrye-mutiny-vertx-bridge-common/2.19.0/smallrye-mutiny-vertx-bridge-common-2.19.0.jar:/home/matheusav/.m2/repository/io/vertx/vertx-web/4.2.5/vertx-web-4.2.5.jar:/home/matheusav/.m2/repository/io/vertx/vertx-web-common/4.2.5/vertx-web-common-4.2.5.jar:/home/matheusav/.m2/repository/io/vertx/vertx-auth-common/4.2.5/vertx-auth-common-4.2.5.jar:/home/matheusav/.m2/repository/io/vertx/vertx-bridge-common/4.2.5/vertx-bridge-common-4.2.5.jar:/home/matheusav/.m2/repository/io/quarkus/quarkus-swagger-ui/2.7.5.Final/quarkus-swagger-ui-2.7.5.Final.jar:/home/matheusav/.m2/repository/io/quarkus/quarkus-resteasy/2.7.5.Final/quarkus-resteasy-2.7.5.Final.jar:/home/matheusav/.m2/repository/io/quarkus/quarkus-resteasy-server-common/2.7.5.Final/quarkus-resteasy-server-common-2.7.5.Final.jar:/home/matheusav/.m2/repository/jakarta/validation/jakarta.validation-api/2.0.2/jakarta.validation-api-2.0.2.jar:/home/matheusav/.m2/repository/io/quarkus/quarkus-arc/2.7.5.Final/quarkus-arc-2.7.5.Final.jar:/home/matheusav/.m2/repository/io/quarkus/arc/arc/2.7.5.Final/arc-2.7.5.Final.jar:/home/matheusav/.m2/repository/jakarta/transaction/jakarta.transaction-api/1.3.3/jakarta.transaction-api-1.3.3.jar:/home/matheusav/.m2/repository/org/eclipse/microprofile/context-propagation/microprofile-context-propagation-api/1.2/microprofile-context-propagation-api-1.2.jar:/home/matheusav/.m2/repository/io/quarkus/quarkus-rest-client-jackson/2.7.5.Final/quarkus-rest-client-jackson-2.7.5.Final.jar:/home/matheusav/.m2/repository/io/quarkus/quarkus-jackson/2.7.5.Final/quarkus-jackson-2.7.5.Final.jar:/home/matheusav/.m2/repository/com/fasterxml/jackson/datatype/jackson-datatype-jsr310/2.13.1/jackson-datatype-jsr310-2.13.1.jar:/home/matheusav/.m2/repository/com/fasterxml/jackson/datatype/jackson-datatype-jdk8/2.13.1/jackson-datatype-jdk8-2.13.1.jar:/home/matheusav/.m2/repository/com/fasterxml/jackson/module/jackson-module-parameter-names/2.13.1/jackson-module-parameter-names-2.13.1.jar:/home/matheusav/.m2/repository/org/jboss/resteasy/resteasy-jackson2-provider/4.7.5.Final/resteasy-jackson2-provider-4.7.5.Final.jar:/home/matheusav/.m2/repository/com/fasterxml/jackson/core/jackson-annotations/2.13.1/jackson-annotations-2.13.1.jar:/home/matheusav/.m2/repository/com/fasterxml/jackson/jaxrs/jackson-jaxrs-json-provider/2.13.1/jackson-jaxrs-json-provider-2.13.1.jar:/home/matheusav/.m2/repository/com/fasterxml/jackson/jaxrs/jackson-jaxrs-base/2.13.1/jackson-jaxrs-base-2.13.1.jar:/home/matheusav/.m2/repository/com/fasterxml/jackson/module/jackson-module-jaxb-annotations/2.13.1/jackson-module-jaxb-annotations-2.13.1.jar:/home/matheusav/.m2/repository/com/github/java-json-tools/json-patch/1.13/json-patch-1.13.jar:/home/matheusav/.m2/repository/com/github/java-json-tools/msg-simple/1.2/msg-simple-1.2.jar:/home/matheusav/.m2/repository/com/github/java-json-tools/btf/1.3/btf-1.3.jar:/home/matheusav/.m2/repository/com/github/java-json-tools/jackson-coreutils/2.0/jackson-coreutils-2.0.jar:/home/matheusav/.m2/repository/org/jboss/spec/javax/xml/bind/jboss-jaxb-api_2.3_spec/2.0.0.Final/jboss-jaxb-api_2.3_spec-2.0.0.Final.jar:/home/matheusav/.m2/repository/io/quarkus/quarkus-junit5/2.7.5.Final/quarkus-junit5-2.7.5.Final.jar:/home/matheusav/.m2/repository/io/quarkus/quarkus-bootstrap-core/2.7.5.Final/quarkus-bootstrap-core-2.7.5.Final.jar:/home/matheusav/.m2/repository/io/quarkus/quarkus-bootstrap-app-model/2.7.5.Final/quarkus-bootstrap-app-model-2.7.5.Final.jar:/home/matheusav/.m2/repository/io/quarkus/quarkus-bootstrap-maven-resolver/2.7.5.Final/quarkus-bootstrap-maven-resolver-2.7.5.Final.jar:/home/matheusav/.m2/repository/org/apache/maven/maven-embedder/3.8.4/maven-embedder-3.8.4.jar:/home/matheusav/.m2/repository/org/apache/maven/maven-settings/3.8.4/maven-settings-3.8.4.jar:/home/matheusav/.m2/repository/org/apache/maven/maven-core/3.8.4/maven-core-3.8.4.jar:/home/matheusav/.m2/repository/org/apache/maven/maven-artifact/3.8.4/maven-artifact-3.8.4.jar:/home/matheusav/.m2/repository/org/codehaus/plexus/plexus-component-annotations/2.1.0/plexus-component-annotations-2.1.0.jar:/home/matheusav/.m2/repository/org/apache/maven/maven-plugin-api/3.8.4/maven-plugin-api-3.8.4.jar:/home/matheusav/.m2/repository/org/apache/maven/maven-model/3.8.4/maven-model-3.8.4.jar:/home/matheusav/.m2/repository/org/apache/maven/maven-model-builder/3.8.4/maven-model-builder-3.8.4.jar:/home/matheusav/.m2/repository/org/apache/maven/maven-builder-support/3.8.4/maven-builder-support-3.8.4.jar:/home/matheusav/.m2/repository/org/apache/maven/resolver/maven-resolver-api/1.6.3/maven-resolver-api-1.6.3.jar:/home/matheusav/.m2/repository/org/apache/maven/resolver/maven-resolver-util/1.6.3/maven-resolver-util-1.6.3.jar:/home/matheusav/.m2/repository/org/apache/maven/shared/maven-shared-utils/3.3.4/maven-shared-utils-3.3.4.jar:/home/matheusav/.m2/repository/com/google/inject/guice/4.2.2/guice-4.2.2-no_aop.jar:/home/matheusav/.m2/repository/com/google/guava/guava/30.1.1-jre/guava-30.1.1-jre.jar:/home/matheusav/.m2/repository/com/google/guava/failureaccess/1.0.1/failureaccess-1.0.1.jar:/home/matheusav/.m2/repository/org/codehaus/plexus/plexus-classworlds/2.6.0/plexus-classworlds-2.6.0.jar:/home/matheusav/.m2/repository/org/codehaus/plexus/plexus-sec-dispatcher/2.0/plexus-sec-dispatcher-2.0.jar:/home/matheusav/.m2/repository/org/codehaus/plexus/plexus-cipher/2.0/plexus-cipher-2.0.jar:/home/matheusav/.m2/repository/commons-cli/commons-cli/1.4/commons-cli-1.4.jar:/home/matheusav/.m2/repository/org/eclipse/sisu/org.eclipse.sisu.plexus/0.3.5/org.eclipse.sisu.plexus-0.3.5.jar:/home/matheusav/.m2/repository/org/apache/maven/maven-settings-builder/3.8.4/maven-settings-builder-3.8.4.jar:/home/matheusav/.m2/repository/org/codehaus/plexus/plexus-interpolation/1.26/plexus-interpolation-1.26.jar:/home/matheusav/.m2/repository/org/apache/maven/maven-resolver-provider/3.8.4/maven-resolver-provider-3.8.4.jar:/home/matheusav/.m2/repository/org/apache/maven/maven-repository-metadata/3.8.4/maven-repository-metadata-3.8.4.jar:/home/matheusav/.m2/repository/org/apache/maven/resolver/maven-resolver-spi/1.6.3/maven-resolver-spi-1.6.3.jar:/home/matheusav/.m2/repository/org/apache/maven/resolver/maven-resolver-impl/1.6.3/maven-resolver-impl-1.6.3.jar:/home/matheusav/.m2/repository/org/codehaus/plexus/plexus-utils/3.3.0/plexus-utils-3.3.0.jar:/home/matheusav/.m2/repository/org/apache/maven/resolver/maven-resolver-connector-basic/1.6.3/maven-resolver-connector-basic-1.6.3.jar:/home/matheusav/.m2/repository/org/apache/maven/resolver/maven-resolver-transport-wagon/1.6.3/maven-resolver-transport-wagon-1.6.3.jar:/home/matheusav/.m2/repository/org/apache/maven/wagon/wagon-http/3.4.3/wagon-http-3.4.3.jar:/home/matheusav/.m2/repository/org/apache/maven/wagon/wagon-http-shared/3.4.3/wagon-http-shared-3.4.3.jar:/home/matheusav/.m2/repository/org/jsoup/jsoup/1.14.2/jsoup-1.14.2.jar:/home/matheusav/.m2/repository/org/apache/maven/wagon/wagon-provider-api/3.4.3/wagon-provider-api-3.4.3.jar:/home/matheusav/.m2/repository/org/apache/maven/wagon/wagon-file/3.4.3/wagon-file-3.4.3.jar:/home/matheusav/.m2/repository/io/quarkus/quarkus-bootstrap-gradle-resolver/2.7.5.Final/quarkus-bootstrap-gradle-resolver-2.7.5.Final.jar:/home/matheusav/.m2/repository/io/smallrye/common/smallrye-common-io/1.10.0/smallrye-common-io-1.10.0.jar:/home/matheusav/.m2/repository/org/eclipse/sisu/org.eclipse.sisu.inject/0.3.5/org.eclipse.sisu.inject-0.3.5.jar:/home/matheusav/.m2/repository/io/quarkus/quarkus-test-common/2.7.5.Final/quarkus-test-common-2.7.5.Final.jar:/home/matheusav/.m2/repository/io/quarkus/quarkus-core-deployment/2.7.5.Final/quarkus-core-deployment-2.7.5.Final.jar:/home/matheusav/.m2/repository/org/aesh/readline/2.2/readline-2.2.jar:/home/matheusav/.m2/repository/org/fusesource/jansi/jansi/1.18/jansi-1.18.jar:/home/matheusav/.m2/repository/org/aesh/aesh/2.6/aesh-2.6.jar:/home/matheusav/.m2/repository/io/quarkus/gizmo/gizmo/1.0.10.Final/gizmo-1.0.10.Final.jar:/home/matheusav/.m2/repository/org/ow2/asm/asm-util/9.2/asm-util-9.2.jar:/home/matheusav/.m2/repository/org/ow2/asm/asm/9.2/asm-9.2.jar:/home/matheusav/.m2/repository/org/ow2/asm/asm-commons/9.2/asm-commons-9.2.jar:/home/matheusav/.m2/repository/org/ow2/asm/asm-tree/9.2/asm-tree-9.2.jar:/home/matheusav/.m2/repository/org/ow2/asm/asm-analysis/9.2/asm-analysis-9.2.jar:/home/matheusav/.m2/repository/io/quarkus/quarkus-class-change-agent/2.7.5.Final/quarkus-class-change-agent-2.7.5.Final.jar:/home/matheusav/.m2/repository/io/quarkus/quarkus-devtools-utilities/2.7.5.Final/quarkus-devtools-utilities-2.7.5.Final.jar:/home/matheusav/.m2/repository/io/quarkus/quarkus-builder/2.7.5.Final/quarkus-builder-2.7.5.Final.jar:/home/matheusav/.m2/repository/org/junit/platform/junit-platform-launcher/1.8.2/junit-platform-launcher-1.8.2.jar:/home/matheusav/.m2/repository/io/quarkus/quarkus-jsonp-deployment/2.7.5.Final/quarkus-jsonp-deployment-2.7.5.Final.jar:/home/matheusav/.m2/repository/io/quarkus/quarkus-junit5-properties/2.7.5.Final/quarkus-junit5-properties-2.7.5.Final.jar:/home/matheusav/.m2/repository/org/junit/jupiter/junit-jupiter/5.8.2/junit-jupiter-5.8.2.jar:/home/matheusav/.m2/repository/org/junit/jupiter/junit-jupiter-params/5.8.2/junit-jupiter-params-5.8.2.jar:/home/matheusav/.m2/repository/com/thoughtworks/xstream/xstream/1.4.19/xstream-1.4.19.jar:/home/matheusav/.m2/repository/io/github/x-stream/mxparser/1.2.2/mxparser-1.2.2.jar:/home/matheusav/.m2/repository/xmlpull/xmlpull/1.1.3.1/xmlpull-1.1.3.1.jar:/home/matheusav/.m2/repository/org/junit/jupiter/junit-jupiter-engine/5.8.2/junit-jupiter-engine-5.8.2.jar:/home/matheusav/.m2/repository/org/junit/platform/junit-platform-engine/1.8.2/junit-platform-engine-1.8.2.jar:/home/matheusav/.m2/repository/org/opentest4j/opentest4j/1.2.0/opentest4j-1.2.0.jar:/home/matheusav/.m2/repository/org/junit/platform/junit-platform-commons/1.8.2/junit-platform-commons-1.8.2.jar:/home/matheusav/.m2/repository/org/junit/jupiter/junit-jupiter-api/5.8.2/junit-jupiter-api-5.8.2.jar:/home/matheusav/.m2/repository/org/apiguardian/apiguardian-api/1.1.2/apiguardian-api-1.1.2.jar:/home/matheusav/.m2/repository/io/rest-assured/rest-assured/4.4.0/rest-assured-4.4.0.jar:/home/matheusav/.m2/repository/org/codehaus/groovy/groovy/3.0.8/groovy-3.0.8.jar:/home/matheusav/.m2/repository/org/codehaus/groovy/groovy-xml/3.0.8/groovy-xml-3.0.8.jar:/home/matheusav/.m2/repository/org/apache/httpcomponents/httpclient/4.5.13/httpclient-4.5.13.jar:/home/matheusav/.m2/repository/commons-codec/commons-codec/1.15/commons-codec-1.15.jar:/home/matheusav/.m2/repository/org/apache/httpcomponents/httpmime/4.5.13/httpmime-4.5.13.jar:/home/matheusav/.m2/repository/org/hamcrest/hamcrest/2.1/hamcrest-2.1.jar:/home/matheusav/.m2/repository/org/ccil/cowan/tagsoup/tagsoup/1.2.1/tagsoup-1.2.1.jar:/home/matheusav/.m2/repository/io/rest-assured/json-path/4.4.0/json-path-4.4.0.jar:/home/matheusav/.m2/repository/org/codehaus/groovy/groovy-json/3.0.8/groovy-json-3.0.8.jar:/home/matheusav/.m2/repository/io/rest-assured/rest-assured-common/4.4.0/rest-assured-common-4.4.0.jar:/home/matheusav/.m2/repository/io/rest-assured/xml-path/4.4.0/xml-path-4.4.0.jar:/home/matheusav/.m2/repository/org/apache/commons/commons-lang3/3.12.0/commons-lang3-3.12.0.jar:/home/matheusav/.m2/repository/jakarta/xml/bind/jakarta.xml.bind-api/2.3.3/jakarta.xml.bind-api-2.3.3.jar:/home/matheusav/.m2/repository/com/sun/xml/bind/jaxb-impl/2.3.3/jaxb-impl-2.3.3.jar:/home/matheusav/.m2/repository/br/com/six2six/fixture-factory/3.1.0/fixture-factory-3.1.0.jar:/home/matheusav/.m2/repository/commons-beanutils/commons-beanutils/1.8.3/commons-beanutils-1.8.3.jar:/home/matheusav/.m2/repository/commons-logging/commons-logging/1.1.1/commons-logging-1.1.1.jar:/home/matheusav/.m2/repository/commons-lang/commons-lang/2.6/commons-lang-2.6.jar:/home/matheusav/.m2/repository/br/com/six2six/bfgex/1.1.1/bfgex-1.1.1.jar:/home/matheusav/.m2/repository/log4j/log4j/1.2.14/log4j-1.2.14.jar:/home/matheusav/.m2/repository/org/apache/commons/commons-math/2.2/commons-math-2.2.jar:/home/matheusav/.m2/repository/com/rubiconproject/oss/jchronic/0.2.6/jchronic-0.2.6.jar:/home/matheusav/.m2/repository/com/thoughtworks/paranamer/paranamer/2.5/paranamer-2.5.jar:/home/matheusav/.m2/repository/net/vidageek/mirror/1.6.1/mirror-1.6.1.jar:/home/matheusav/.m2/repository/org/mockito/mockito-junit-jupiter/3.1.0/mockito-junit-jupiter-3.1.0.jar:/home/matheusav/.m2/repository/org/mockito/mockito-core/4.3.1/mockito-core-4.3.1.jar:/home/matheusav/.m2/repository/net/bytebuddy/byte-buddy/1.12.7/byte-buddy-1.12.7.jar:/home/matheusav/.m2/repository/net/bytebuddy/byte-buddy-agent/1.12.7/byte-buddy-agent-1.12.7.jar:/home/matheusav/.m2/repository/org/objenesis/objenesis/3.2/objenesis-3.2.jar:"/>
    <property name="sun.cpu.endian" value="little"/>
    <property name="user.home" value="/home/matheusav"/>
    <property name="user.language" value="pt"/>
    <property name="java.specification.vendor" value="Oracle Corporation"/>
    <property name="java.version.date" value="2022-02-08"/>
    <property name="java.home" value="/usr/lib/jvm/java-11-openjdk-amd64"/>
    <property name="file.separator" value="/"/>
    <property name="basedir" value="/home/matheusav/Área de Trabalho/Pokemon/BE/PokemonBack"/>
    <property name="java.vm.compressedOopsMode" value="Zero based"/>
    <property name="line.separator" value="&#10;"/>
    <property name="java.specification.name" value="Java Platform API Specification"/>
    <property name="java.vm.specification.vendor" value="Oracle Corporation"/>
    <property name="java.awt.graphicsenv" value="sun.awt.X11GraphicsEnvironment"/>
    <property name="surefire.real.class.path" value="/home/matheusav/Área de Trabalho/Pokemon/BE/PokemonBack/target/surefire/surefirebooter4202505081506520320.jar"/>
    <property name="sun.management.compiler" value="HotSpot 64-Bit Tiered Compilers"/>
    <property name="java.runtime.version" value="11.0.14.1+1-Ubuntu-0ubuntu1.20.04"/>
    <property name="user.name" value="CIANDT\matheusav"/>
    <property name="path.separator" value=":"/>
    <property name="os.version" value="5.15.11-051511-generic"/>
    <property name="java.runtime.name" value="OpenJDK Runtime Environment"/>
    <property name="file.encoding" value="UTF-8"/>
    <property name="java.vm.name" value="OpenJDK 64-Bit Server VM"/>
    <property name="localRepository" value="/home/matheusav/.m2/repository"/>
    <property name="java.vendor.url.bug" value="https://bugs.launchpad.net/ubuntu/+source/openjdk-lts"/>
    <property name="java.io.tmpdir" value="/tmp"/>
    <property name="java.version" value="11.0.14.1"/>
    <property name="user.dir" value="/home/matheusav/Área de Trabalho/Pokemon/BE/PokemonBack"/>
    <property name="os.arch" value="amd64"/>
    <property name="java.vm.specification.name" value="Java Virtual Machine Specification"/>
    <property name="java.awt.printerjob" value="sun.print.PSPrinterJob"/>
    <property name="sun.os.patch.level" value="unknown"/>
    <property name="java.util.logging.manager" value="org.jboss.logmanager.LogManager"/>
    <property name="java.library.path" value="/usr/java/packages/lib:/usr/lib/x86_64-linux-gnu/jni:/lib/x86_64-linux-gnu:/usr/lib/x86_64-linux-gnu:/usr/lib/jni:/lib:/usr/lib"/>
    <property name="java.vm.info" value="mixed mode, sharing"/>
    <property name="java.vendor" value="Ubuntu"/>
    <property name="java.vm.version" value="11.0.14.1+1-Ubuntu-0ubuntu1.20.04"/>
    <property name="sun.io.unicode.encoding" value="UnicodeLittle"/>
    <property name="java.class.version" value="55.0"/>
  </properties>
  <testcase name="mapperFromResultDetailsToPokemonDetail" classname="br.com.pokemon.command.mapper.PokemonDetailMapperTest" time="0.023"/>
  <testcase name="mapperFromResultDetailsToPokemonDetail1" classname="br.com.pokemon.command.mapper.PokemonDetailMapperTest" time="0.004"/>
</testsuite>